<?xml version='1.0' encoding='UTF-8' ?>
<testsuite name="com.robgthai.spoon.demo.hellospoon_demo.test" tests="9" failures="0" errors="0" skipped="0" time="30.747" timestamp="2015-02-13T14:46:31" hostname="localhost">
  <properties />
  <testcase name="testApplicationTestCaseSetUpProperly" classname="com.robgthai.spoon.demo.hellospoon_demo.ApplicationTest" time="0.001" />
  <testcase name="testAndroidTestCaseSetupProperly" classname="com.robgthai.spoon.demo.hellospoon_demo.ApplicationTest" time="0.029" />
  <testcase name="test_LoginFail" classname="com.robgthai.spoon.demo.hellospoon_demo.LoginActivityTest" time="6.458" />
  <testcase name="test_LoginFlow" classname="com.robgthai.spoon.demo.hellospoon_demo.LoginActivityTest" time="8.858" />
  <testcase name="test_LoginWithInvalidEmail" classname="com.robgthai.spoon.demo.hellospoon_demo.LoginActivityTest" time="5.638" />
  <testcase name="test_ResetRemoveEverything" classname="com.robgthai.spoon.demo.hellospoon_demo.LoginActivityTest" time="6.965" />
  <testcase name="testActivityIsAvailable" classname="com.robgthai.spoon.demo.hellospoon_demo.MainActivityTest" time="0.64" />
  <testcase name="testHelloWorldVisibleByDefault" classname="com.robgthai.spoon.demo.hellospoon_demo.MainActivityTest" time="0.786" />
  <testcase name="testScreenshotIsWorking" classname="com.robgthai.spoon.demo.hellospoon_demo.MainActivityTest" time="1.232" />
</testsuite>